#
# A fatal error has been detected by the Java Runtime Environment:
#
#  EXCEPTION_ACCESS_VIOLATION (0xc0000005) at pc=0x00007ffc48a6c986, pid=27756, tid=37056
#
# JRE version: OpenJDK Runtime Environment Temurin-17.0.4.1+1 (17.0.4.1+1) (build 17.0.4.1+1)
# Java VM: OpenJDK 64-Bit Server VM Temurin-17.0.4.1+1 (17.0.4.1+1, mixed mode, tiered, compressed oops, compressed class ptrs, g1 gc, windows-amd64)
# Problematic frame:
# V  [jvm.dll+0xc986]
#
# No core dump will be written. Minidumps are not enabled by default on client versions of Windows
#
# If you would like to submit a bug report, please visit:
#   https://github.com/adoptium/adoptium-support/issues
#

---------------  S U M M A R Y ------------

Command Line: -Dfile.encoding=UTF-8 -XX:+ShowCodeDetailsInExceptionMessages com.jsp.ecommerce.EcommerceApplication

Host: Intel(R) Core(TM) i5-8265U CPU @ 1.60GHz, 8 cores, 7G,  Windows 10 , 64 bit Build 19041 (10.0.19041.3636)
Time: Wed Dec 27 17:45:34 2023 India Standard Time elapsed time: 9.525233 seconds (0d 0h 0m 9s)

---------------  T H R E A D  ---------------

Current thread (0x000002179d3bf950):  ConcurrentGCThread "G1 Conc#0" [stack: 0x0000008ebf900000,0x0000008ebfa00000] [id=37056]

Stack: [0x0000008ebf900000,0x0000008ebfa00000],  sp=0x0000008ebf9ffa88,  free space=1022k
Native frames: (J=compiled Java code, j=interpreted, Vv=VM code, C=native code)
V  [jvm.dll+0xc986]


siginfo: EXCEPTION_ACCESS_VIOLATION (0xc0000005), reading address 0x000000041ccbbe88


Register to memory mapping:

RIP=0x00007ffc48a6c986 jvm.dll
RAX=0x2400010480092492 is an unknown value
RBX=0x000002179d3adf01 points into unknown readable memory: 00 00 00 00 00 00 00
RCX=0x00000000839977a8 is pointing into object: java.lang.Class 
{0x0000000083997740} - klass: 'java/lang/Class'
 - ---- fields (total size 15 words):
 - private volatile transient 'classRedefinedCount' 'I' @12  0
 - private volatile transient 'cachedConstructor' 'Ljava/lang/reflect/Constructor;' @40  NULL (0)
 - private transient 'name' 'Ljava/lang/String;' @44  "net.bytebuddy.dynamic.scaffold.MethodGraph$Compiler$Default$Harmonizer$ForJavaMethod"{0x00000000839977e8} (839977e8)
 - private transient 'module' 'Ljava/lang/Module;' @48  a 'java/lang/Module'{0x00000000829e8a90} (829e8a90)
 - private final 'classLoader' 'Ljava/lang/ClassLoader;' @52  a 'jdk/internal/loader/ClassLoaders$AppClassLoader'{0x00000000829e87d8} (829e87d8)
 - private transient 'classData' 'Ljava/lang/Object;' @56  NULL (0)
 - private transient 'packageName' 'Ljava/lang/String;' @60  "net.bytebuddy.dynamic.scaffold"{0x00000000839976f8} (839976f8)
 - private final 'componentType' 'Ljava/lang/Class;' @64  NULL (0)
 - private volatile transient 'reflectionData' 'Ljava/lang/ref/SoftReference;' @68  NULL (0)
 - private volatile transient 'genericInfo' 'Lsun/reflect/generics/repository/ClassRepository;' @72  NULL (0)
 - private volatile transient 'enumConstants' '[Ljava/lang/Object;' @76  NULL (0)
 - private volatile transient 'enumConstantDirectory' 'Ljava/util/Map;' @80  NULL (0)
 - private volatile transient 'annotationData' 'Ljava/lang/Class$AnnotationData;' @84  NULL (0)
 - private volatile transient 'annotationType' 'Lsun/reflect/annotation/AnnotationType;' @88  NULL (0)
 - transient 'classValueMap' 'Ljava/lang/ClassValue$ClassValueMap;' @92  NULL (0)
 - signature: Lnet/bytebuddy/dynamic/scaffold/MethodGraph$Compiler$Default$Harmonizer$ForJavaMethod;
 - fake entry for mirror: 'net/bytebuddy/dynamic/scaffold/MethodGraph$Compiler$Default$Harmonizer$ForJavaMethod'
 - fake entry for array: 'net/bytebuddy/dynamic/scaffold/MethodGraph$Compiler$Default$Harmonizer$ForJavaMethod'[]
 - fake entry for oop_size: 15
 - fake entry for static_oop_field_count: 2
 - public static final 'INSTANCE' 'Lnet/bytebuddy/dynamic/scaffold/MethodGraph$Compiler$Default$Harmonizer$ForJavaMethod;' @112  a 'net/bytebuddy/dynamic/scaffold/MethodGraph$Compiler$Default$Harmonizer$ForJavaMethod'{0x00000000839977d0} (839977d0)
 - private static final synthetic '$VALUES' '[Lnet/bytebuddy/dynamic/scaffold/MethodGraph$Compiler$Default$Harmonizer$ForJavaMethod;' @116  
[error occurred during error reporting (printing register info), id 0xc0000005, EXCEPTION_ACCESS_VIOLATION (0xc0000005) at pc=0x00007ffc490c39a3]

Registers:
RAX=0x2400010480092492, RBX=0x000002179d3adf01, RCX=0x00000000839977a8, RDX=0x00000000839977a8
RSP=0x0000008ebf9ffa88, RBP=0x0000000000000001, RSI=0x000002179d3adfa0, RDI=0x00000000839977a8
R8 =0x00000217b093e5d8, R9 =0x000000041ccbbe80, R10=0x0000000000000003, R11=0x0000000000000003
R12=0x0000000000000000, R13=0xaaaaaaaaaaaaaaab, R14=0x0000000083997740, R15=0x0000008ebf9ffc20
RIP=0x00007ffc48a6c986, EFLAGS=0x0000000000010202

Top of Stack: (sp=0x0000008ebf9ffa88)
0x0000008ebf9ffa88:   00007ffc48d35c98 000002179d3c9e10
0x0000008ebf9ffa98:   00007ffc48d35c04 0000000100041de8
0x0000008ebf9ffaa8:   0000008ebf9ffc60 00000000839977a8
0x0000008ebf9ffab8:   00007ffc48d3591f 000002179d3c9e10
0x0000008ebf9ffac8:   0000008ebf9ffc60 0000000083997740
0x0000008ebf9ffad8:   0000008ebf9ffc60 00000000839977b8
0x0000008ebf9ffae8:   00007ffc48d33dfd 00000000839977b4
0x0000008ebf9ffaf8:   00007ffc48d3416d 00000000839975ec
0x0000008ebf9ffb08:   0000000000000003 0000000000000001
0x0000008ebf9ffb18:   00000001000427c8 0000008ebf9ffc60
0x0000008ebf9ffb28:   00007ffc48d33791 0000000083997740
0x0000008ebf9ffb38:   0000008ebf9ffc20 000000000000000f
0x0000008ebf9ffb48:   0000000000000000 000002179d3c9e10
0x0000008ebf9ffb58:   00007ffc48d4924e 0000000083997740
0x0000008ebf9ffb68:   000002179d3adfb0 0000008ebf9ffc20
0x0000008ebf9ffb78:   000002179d3adfb0 0000000083997740 

Instructions: (pc=0x00007ffc48a6c986)
0x00007ffc48a6c886:   cc cc cc cc cc cc cc cc cc cc 4c 8b 01 4c 8b c9
0x00007ffc48a6c896:   48 8b 0d 63 c2 b4 00 ba 64 60 08 00 e9 c9 f1 ff
0x00007ffc48a6c8a6:   ff cc cc cc cc cc cc cc cc cc 8b 05 42 0a af 00
0x00007ffc48a6c8b6:   c3 cc cc cc cc cc cc cc cc cc 0f b6 05 98 ca b5
0x00007ffc48a6c8c6:   00 48 8b d1 84 c0 74 16 44 8b 41 08 8b 0d 20 0a
0x00007ffc48a6c8d6:   af 00 49 d3 e0 4c 03 05 0e 0a af 00 eb 04 4c 8b
0x00007ffc48a6c8e6:   41 08 45 8b 50 08 45 85 d2 7e 0e 41 f6 c2 01 75
0x00007ffc48a6c8f6:   53 41 c1 fa 03 41 8b c2 c3 79 49 84 c0 b9 10 00
0x00007ffc48a6c906:   00 00 8b 05 26 19 af 00 41 b8 0c 00 00 00 41 0f
0x00007ffc48a6c916:   45 c8 ff c8 4c 63 c8 48 63 14 11 41 8b ca 83 e1
0x00007ffc48a6c926:   3f 48 d3 e2 41 8b ca 48 c1 f9 10 0f b6 c1 49 8d
0x00007ffc48a6c936:   0c 11 49 f7 d1 48 03 c1 49 c1 e9 03 48 c1 e8 03
0x00007ffc48a6c946:   41 23 c1 c3 49 8b 00 49 8b c8 48 ff a0 00 01 00
0x00007ffc48a6c956:   00 cc cc cc cc cc cc cc cc cc 8b 44 24 30 45 03
0x00007ffc48a6c966:   c9 44 2b 4c 24 28 83 c0 0b 44 03 ca 45 03 c8 41
0x00007ffc48a6c976:   03 c1 c3 cc cc cc cc cc cc cc 4c 8b ca 48 8b d1
0x00007ffc48a6c986:   45 8b 41 08 45 85 c0 7e 0e 41 f6 c0 01 75 56 41
0x00007ffc48a6c996:   c1 f8 03 41 8b c0 c3 79 4c 80 3d b9 c9 b5 00 00
0x00007ffc48a6c9a6:   b8 0c 00 00 00 b9 10 00 00 00 0f 45 c8 8b 05 7b
0x00007ffc48a6c9b6:   18 af 00 ff c8 4c 63 c8 48 63 14 11 41 8b c8 83
0x00007ffc48a6c9c6:   e1 3f 48 d3 e2 41 8b c8 48 c1 f9 10 0f b6 c1 49
0x00007ffc48a6c9d6:   8d 0c 11 49 f7 d1 48 03 c1 49 c1 e9 03 48 c1 e8
0x00007ffc48a6c9e6:   03 41 23 c1 c3 49 8b 01 49 8b c9 48 ff a0 00 01
0x00007ffc48a6c9f6:   00 00 cc cc cc cc cc cc cc cc 48 8b 41 08 0f b7
0x00007ffc48a6ca06:   48 2a 0f b7 40 28 83 c0 48 03 c1 c3 cc cc cc cc
0x00007ffc48a6ca16:   cc cc cc cc cc cc cc cc cc cc 48 89 5c 24 08 57
0x00007ffc48a6ca26:   48 83 ec 20 0f b6 05 7f a6 b9 00 48 8b fa 48 8b
0x00007ffc48a6ca36:   d9 84 c0 74 4f 48 85 15 96 9e b9 00 74 38 48 8b
0x00007ffc48a6ca46:   ca e8 64 6f 85 00 48 8b d0 48 85 db 74 25 48 85
0x00007ffc48a6ca56:   c0 74 20 48 8b c7 f0 48 0f b1 13 74 16 48 85 05
0x00007ffc48a6ca66:   6e 9e b9 00 74 0d 48 8b c8 f0 48 0f b1 13 48 3b
0x00007ffc48a6ca76:   c1 75 ea 48 8b fa 48 8b c7 48 8b 5c 24 30 48 83 


Stack slot to memory mapping:
stack at sp + 0 slots: 0x00007ffc48d35c98 jvm.dll
stack at sp + 1 slots: 0x000002179d3c9e10 points into unknown readable memory: 0x00007ffc493b2698 | 98 26 3b 49 fc 7f 00 00
stack at sp + 2 slots: 0x00007ffc48d35c04 jvm.dll
stack at sp + 3 slots: 0x0000000100041de8 is pointing into metadata
stack at sp + 4 slots: 0x0000008ebf9ffc60 points into unknown readable memory: 0x00007ffc493b26b8 | b8 26 3b 49 fc 7f 00 00
stack at sp + 5 slots: 0x00000000839977a8 is pointing into object: java.lang.Class 
{0x0000000083997740} - klass: 'java/lang/Class'
 - ---- fields (total size 15 words):
 - private volatile transient 'classRedefinedCount' 'I' @12  0
 - private volatile transient 'cachedConstructor' 'Ljava/lang/reflect/Constructor;' @40  NULL (0)
 - private transient 'name' 'Ljava/lang/String;' @44  "net.bytebuddy.dynamic.scaffold.MethodGraph$Compiler$Default$Harmonizer$ForJavaMethod"{0x00000000839977e8} (839977e8)
 - private transient 'module' 'Ljava/lang/Module;' @48  a 'java/lang/Module'{0x00000000829e8a90} (829e8a90)
 - private final 'classLoader' 'Ljava/lang/ClassLoader;' @52  a 'jdk/internal/loader/ClassLoaders$AppClassLoader'{0x00000000829e87d8} (829e87d8)
 - private transient 'classData' 'Ljava/lang/Object;' @56  NULL (0)
 - private transient 'packageName' 'Ljava/lang/String;' @60  "net.bytebuddy.dynamic.scaffold"{0x00000000839976f8} (839976f8)
 - private final 'componentType' 'Ljava/lang/Class;' @64  NULL (0)
 - private volatile transient 'reflectionData' 'Ljava/lang/ref/SoftReference;' @68  NULL (0)
 - private volatile transient 'genericInfo' 'Lsun/reflect/generics/repository/ClassRepository;' @72  NULL (0)
 - private volatile transient 'enumConstants' '[Ljava/lang/Object;' @76  NULL (0)
 - private volatile transient 'enumConstantDirectory' 'Ljava/util/Map;' @80  NULL (0)
 - private volatile transient 'annotationData' 'Ljava/lang/Class$AnnotationData;' @84  NULL (0)
 - private volatile transient 'annotationType' 'Lsun/reflect/annotation/AnnotationType;' @88  NULL (0)
 - transient 'classValueMap' 'Ljava/lang/ClassValue$ClassValueMap;' @92  NULL (0)
 - signature: Lnet/bytebuddy/dynamic/scaffold/MethodGraph$Compiler$Default$Harmonizer$ForJavaMethod;
 - fake entry for mirror: 'net/bytebuddy/dynamic/scaffold/MethodGraph$Compiler$Default$Harmonizer$ForJavaMethod'
 - fake entry for array: 'net/bytebuddy/dynamic/scaffold/MethodGraph$Compiler$Default$Harmonizer$ForJavaMethod'[]
 - fake entry for oop_size: 15
 - fake entry for static_oop_field_count: 2
 - public static final 'INSTANCE' 'Lnet/bytebuddy/dynamic/scaffold/MethodGraph$Compiler$Default$Harmonizer$ForJavaMethod;' @112  a 'net/bytebuddy/dynamic/scaffold/MethodGraph$Compiler$Default$Harmonizer$ForJavaMethod'{0x00000000839977d0} (839977d0)
 - private static final synthetic '$VALUES' '[Lnet/bytebuddy/dynamic/scaffold/MethodGraph$Compiler$Default$Harmonizer$ForJavaMethod;' @116  
[error occurred during error reporting (inspecting top of stack), id 0xc0000005, EXCEPTION_ACCESS_VIOLATION (0xc0000005) at pc=0x00007ffc490c39a3]


---------------  P R O C E S S  ---------------

Threads class SMR info:
_java_thread_list=0x00000217bd2cae90, length=22, elements={
0x000002179b12dfb0, 0x00000217b722cd30, 0x00000217b722e5e0, 0x00000217b7c40130,
0x00000217b7c42b00, 0x00000217b7c45f40, 0x00000217b7c4b010, 0x00000217b7c4df50,
0x00000217b7c4f470, 0x00000217b7c50900, 0x00000217b7dbd900, 0x00000217b7dde860,
0x00000217b7e34830, 0x00000217b8da4580, 0x00000217b87b2940, 0x00000217b91bc380,
0x00000217bc860870, 0x00000217baf44380, 0x00000217bb450170, 0x00000217bc6643d0,
0x00000217bc665240, 0x00000217bc667d90
}

Java Threads: ( => current thread )
  0x000002179b12dfb0 JavaThread "main" [_thread_blocked, id=27056, stack(0x0000008ebf600000,0x0000008ebf700000)]
  0x00000217b722cd30 JavaThread "Reference Handler" daemon [_thread_blocked, id=29800, stack(0x0000008ebfd00000,0x0000008ebfe00000)]
  0x00000217b722e5e0 JavaThread "Finalizer" daemon [_thread_blocked, id=38280, stack(0x0000008ebfe00000,0x0000008ebff00000)]
  0x00000217b7c40130 JavaThread "Signal Dispatcher" daemon [_thread_blocked, id=32456, stack(0x0000008ebff00000,0x0000008ec0000000)]
  0x00000217b7c42b00 JavaThread "Attach Listener" daemon [_thread_blocked, id=35408, stack(0x0000008ec0000000,0x0000008ec0100000)]
  0x00000217b7c45f40 JavaThread "Service Thread" daemon [_thread_blocked, id=39304, stack(0x0000008ec0100000,0x0000008ec0200000)]
  0x00000217b7c4b010 JavaThread "Monitor Deflation Thread" daemon [_thread_blocked, id=37328, stack(0x0000008ec0200000,0x0000008ec0300000)]
  0x00000217b7c4df50 JavaThread "C2 CompilerThread0" daemon [_thread_blocked, id=17300, stack(0x0000008ec0300000,0x0000008ec0400000)]
  0x00000217b7c4f470 JavaThread "C1 CompilerThread0" daemon [_thread_in_native, id=23508, stack(0x0000008ec0400000,0x0000008ec0500000)]
  0x00000217b7c50900 JavaThread "Sweeper thread" daemon [_thread_blocked, id=28332, stack(0x0000008ec0500000,0x0000008ec0600000)]
  0x00000217b7dbd900 JavaThread "Notification Thread" daemon [_thread_blocked, id=32868, stack(0x0000008ec0600000,0x0000008ec0700000)]
  0x00000217b7dde860 JavaThread "Common-Cleaner" daemon [_thread_blocked, id=5180, stack(0x0000008ec0800000,0x0000008ec0900000)]
  0x00000217b7e34830 JavaThread "C2 CompilerThread1" daemon [_thread_blocked, id=39584, stack(0x0000008ec0900000,0x0000008ec0a00000)]
  0x00000217b8da4580 JavaThread "Thread-0" [_thread_blocked, id=26896, stack(0x0000008ec0a00000,0x0000008ec0b00000)]
  0x00000217b87b2940 JavaThread "restartedMain" [_thread_in_Java, id=33136, stack(0x0000008ec0b00000,0x0000008ec0c00000)]
  0x00000217b91bc380 JavaThread "C2 CompilerThread2" daemon [_thread_blocked, id=31144, stack(0x0000008ec1500000,0x0000008ec1600000)]
  0x00000217bc860870 JavaThread "Catalina-utility-1" [_thread_blocked, id=31280, stack(0x0000008ec1100000,0x0000008ec1200000)]
  0x00000217baf44380 JavaThread "Catalina-utility-2" [_thread_blocked, id=32108, stack(0x0000008ec1600000,0x0000008ec1700000)]
  0x00000217bb450170 JavaThread "container-0" [_thread_blocked, id=31336, stack(0x0000008ec1700000,0x0000008ec1800000)]
  0x00000217bc6643d0 JavaThread "mysql-cj-abandoned-connection-cleanup" daemon [_thread_blocked, id=30176, stack(0x0000008ec1800000,0x0000008ec1900000)]
  0x00000217bc665240 JavaThread "HikariPool-1 housekeeper" daemon [_thread_blocked, id=26968, stack(0x0000008ec1a00000,0x0000008ec1b00000)]
  0x00000217bc667d90 JavaThread "HikariPool-1 connection adder" daemon [_thread_blocked, id=36292, stack(0x0000008ec1b00000,0x0000008ec1c00000)]

Other Threads:
  0x00000217b71ec150 VMThread "VM Thread" [stack: 0x0000008ebfc00000,0x0000008ebfd00000] [id=39008]
  0x000002179d3c92d0 WatcherThread [stack: 0x0000008ec0700000,0x0000008ec0800000] [id=38028]
  0x000002179d3aca80 GCTaskThread "GC Thread#0" [stack: 0x0000008ebf700000,0x0000008ebf800000] [id=16852]
  0x00000217b8a38140 GCTaskThread "GC Thread#1" [stack: 0x0000008ec0c00000,0x0000008ec0d00000] [id=20760]
  0x00000217b8a113a0 GCTaskThread "GC Thread#2" [stack: 0x0000008ec0d00000,0x0000008ec0e00000] [id=36220]
  0x00000217b8a11650 GCTaskThread "GC Thread#3" [stack: 0x0000008ec0e00000,0x0000008ec0f00000] [id=37880]
  0x00000217b8a0d440 GCTaskThread "GC Thread#4" [stack: 0x0000008ec0f00000,0x0000008ec1000000] [id=28016]
  0x00000217b8a0db00 GCTaskThread "GC Thread#5" [stack: 0x0000008ec1000000,0x0000008ec1100000] [id=2280]
  0x00000217b9209960 GCTaskThread "GC Thread#6" [stack: 0x0000008ec1200000,0x0000008ec1300000] [id=38528]
  0x00000217bace2ca0 GCTaskThread "GC Thread#7" [stack: 0x0000008ec1300000,0x0000008ec1400000] [id=38948]
  0x000002179d3bf030 ConcurrentGCThread "G1 Main Marker" [stack: 0x0000008ebf800000,0x0000008ebf900000] [id=24852]
=>0x000002179d3bf950 ConcurrentGCThread "G1 Conc#0" [stack: 0x0000008ebf900000,0x0000008ebfa00000] [id=37056]
  0x00000217b9598980 ConcurrentGCThread "G1 Conc#1" [stack: 0x0000008ec1400000,0x0000008ec1500000] [id=39532]
  0x000002179d3fe340 ConcurrentGCThread "G1 Refine#0" [stack: 0x0000008ebfa00000,0x0000008ebfb00000] [id=39472]
  0x000002179d3feb10 ConcurrentGCThread "G1 Service" [stack: 0x0000008ebfb00000,0x0000008ebfc00000] [id=38700]

Threads with active compile tasks:

VM state: not at safepoint (normal execution)

VM Mutex/Monitor currently owned by a thread: None

Heap address: 0x0000000082600000, size: 2010 MB, Compressed Oops mode: 32-bit

CDS archive(s) not mapped
Compressed class space mapped at: 0x0000000100000000-0x0000000140000000, reserved size: 1073741824
Narrow klass base: 0x0000000000000000, Narrow klass shift: 3, Narrow klass range: 0x140000000

GC Precious Log:
 CPUs: 8 total, 8 available
 Memory: 8039M
 Large Page Support: Disabled
 NUMA Support: Disabled
 Compressed Oops: Enabled (32-bit)
 Heap Region Size: 1M
 Heap Min Capacity: 8M
 Heap Initial Capacity: 126M
 Heap Max Capacity: 2010M
 Pre-touch: Disabled
 Parallel Workers: 8
 Concurrent Workers: 2
 Concurrent Refinement Workers: 8
 Periodic GC: Disabled

Heap:
 garbage-first heap   total 48128K, used 26586K [0x0000000082600000, 0x0000000100000000)
  region size 1024K, 6 young (6144K), 2 survivors (2048K)
 Metaspace       used 56036K, committed 56512K, reserved 1105920K
  class space    used 6996K, committed 7232K, reserved 1048576K

Heap Regions: E=young(eden), S=young(survivor), O=old, HS=humongous(starts), HC=humongous(continues), CS=collection set, F=free, OA=open archive, CA=closed archive, TAMS=top-at-mark-start (previous, next)
|   0|0x0000000082600000, 0x0000000082700000, 0x0000000082700000|100%|HS|  |TAMS 0x0000000082700000, 0x0000000082700000| Complete 
|   1|0x0000000082700000, 0x0000000082800000, 0x0000000082800000|100%| O|  |TAMS 0x0000000082800000, 0x0000000082800000| Untracked 
|   2|0x0000000082800000, 0x0000000082900000, 0x0000000082900000|100%| O|  |TAMS 0x0000000082900000, 0x0000000082900000| Untracked 
|   3|0x0000000082900000, 0x0000000082a00000, 0x0000000082a00000|100%| O|  |TAMS 0x0000000082a00000, 0x0000000082a00000| Untracked 
|   4|0x0000000082a00000, 0x0000000082b00000, 0x0000000082b00000|100%| O|  |TAMS 0x0000000082b00000, 0x0000000082b00000| Untracked 
|   5|0x0000000082b00000, 0x0000000082c00000, 0x0000000082c00000|100%| O|  |TAMS 0x0000000082c00000, 0x0000000082c00000| Untracked 
|   6|0x0000000082c00000, 0x0000000082cf9200, 0x0000000082d00000| 97%| O|  |TAMS 0x0000000082cf9200, 0x0000000082cf9200| Untracked 
|   7|0x0000000082d00000, 0x0000000082e00000, 0x0000000082e00000|100%| O|  |TAMS 0x0000000082e00000, 0x0000000082e00000| Untracked 
|   8|0x0000000082e00000, 0x0000000082f00000, 0x0000000082f00000|100%| O|  |TAMS 0x0000000082f00000, 0x0000000082f00000| Untracked 
|   9|0x0000000082f00000, 0x0000000083000000, 0x0000000083000000|100%| O|  |TAMS 0x0000000083000000, 0x0000000083000000| Untracked 
|  10|0x0000000083000000, 0x0000000083100000, 0x0000000083100000|100%| O|  |TAMS 0x0000000083100000, 0x0000000083100000| Untracked 
|  11|0x0000000083100000, 0x0000000083200000, 0x0000000083200000|100%| O|  |TAMS 0x0000000083200000, 0x0000000083200000| Untracked 
|  12|0x0000000083200000, 0x0000000083300000, 0x0000000083300000|100%| O|  |TAMS 0x0000000083300000, 0x0000000083300000| Untracked 
|  13|0x0000000083300000, 0x0000000083400000, 0x0000000083400000|100%| O|  |TAMS 0x0000000083400000, 0x0000000083400000| Untracked 
|  14|0x0000000083400000, 0x0000000083500000, 0x0000000083500000|100%| O|  |TAMS 0x0000000083500000, 0x0000000083500000| Untracked 
|  15|0x0000000083500000, 0x0000000083600000, 0x0000000083600000|100%| O|  |TAMS 0x0000000083600000, 0x0000000083600000| Untracked 
|  16|0x0000000083600000, 0x0000000083700000, 0x0000000083700000|100%| O|  |TAMS 0x0000000083700000, 0x0000000083700000| Untracked 
|  17|0x0000000083700000, 0x0000000083800000, 0x0000000083800000|100%| O|  |TAMS 0x0000000083800000, 0x0000000083800000| Untracked 
|  18|0x0000000083800000, 0x0000000083900000, 0x0000000083900000|100%| O|  |TAMS 0x00000000838ca000, 0x0000000083900000| Untracked 
|  19|0x0000000083900000, 0x0000000083a00000, 0x0000000083a00000|100%| O|  |TAMS 0x0000000083900000, 0x0000000083a00000| Untracked 
|  20|0x0000000083a00000, 0x0000000083b00000, 0x0000000083b00000|100%| O|  |TAMS 0x0000000083a00000, 0x0000000083b00000| Untracked 
|  21|0x0000000083b00000, 0x0000000083b92600, 0x0000000083c00000| 57%| O|  |TAMS 0x0000000083b00000, 0x0000000083b92600| Untracked 
|  22|0x0000000083c00000, 0x0000000083c00000, 0x0000000083d00000|  0%| F|  |TAMS 0x0000000083c00000, 0x0000000083c00000| Untracked 
|  23|0x0000000083d00000, 0x0000000083d00000, 0x0000000083e00000|  0%| F|  |TAMS 0x0000000083d00000, 0x0000000083d00000| Untracked 
|  24|0x0000000083e00000, 0x0000000083e00000, 0x0000000083f00000|  0%| F|  |TAMS 0x0000000083e00000, 0x0000000083e00000| Untracked 
|  25|0x0000000083f00000, 0x0000000083f00000, 0x0000000084000000|  0%| F|  |TAMS 0x0000000083f00000, 0x0000000083f00000| Untracked 
|  26|0x0000000084000000, 0x0000000084000000, 0x0000000084100000|  0%| F|  |TAMS 0x0000000084000000, 0x0000000084000000| Untracked 
|  27|0x0000000084100000, 0x0000000084100000, 0x0000000084200000|  0%| F|  |TAMS 0x0000000084100000, 0x0000000084100000| Untracked 
|  28|0x0000000084200000, 0x0000000084200000, 0x0000000084300000|  0%| F|  |TAMS 0x0000000084200000, 0x0000000084200000| Untracked 
|  29|0x0000000084300000, 0x000000008436b070, 0x0000000084400000| 41%| S|CS|TAMS 0x0000000084300000, 0x0000000084300000| Complete 
|  30|0x0000000084400000, 0x0000000084400000, 0x0000000084500000|  0%| F|  |TAMS 0x0000000084400000, 0x0000000084400000| Untracked 
|  31|0x0000000084500000, 0x0000000084600000, 0x0000000084600000|100%| S|CS|TAMS 0x0000000084500000, 0x0000000084500000| Complete 
|  32|0x0000000084600000, 0x0000000084600000, 0x0000000084700000|  0%| F|  |TAMS 0x0000000084600000, 0x0000000084600000| Untracked 
|  33|0x0000000084700000, 0x0000000084700000, 0x0000000084800000|  0%| F|  |TAMS 0x0000000084700000, 0x0000000084700000| Untracked 
|  34|0x0000000084800000, 0x0000000084800000, 0x0000000084900000|  0%| F|  |TAMS 0x0000000084800000, 0x0000000084800000| Untracked 
|  35|0x0000000084900000, 0x0000000084900000, 0x0000000084a00000|  0%| F|  |TAMS 0x0000000084900000, 0x0000000084900000| Untracked 
|  36|0x0000000084a00000, 0x0000000084a00000, 0x0000000084b00000|  0%| F|  |TAMS 0x0000000084a00000, 0x0000000084a00000| Untracked 
|  37|0x0000000084b00000, 0x0000000084b00000, 0x0000000084c00000|  0%| F|  |TAMS 0x0000000084b00000, 0x0000000084b00000| Untracked 
|  38|0x0000000084c00000, 0x0000000084c00000, 0x0000000084d00000|  0%| F|  |TAMS 0x0000000084c00000, 0x0000000084c00000| Untracked 
|  39|0x0000000084d00000, 0x0000000084d00000, 0x0000000084e00000|  0%| F|  |TAMS 0x0000000084d00000, 0x0000000084d00000| Untracked 
|  40|0x0000000084e00000, 0x0000000084e00000, 0x0000000084f00000|  0%| F|  |TAMS 0x0000000084e00000, 0x0000000084e00000| Untracked 
|  41|0x0000000084f00000, 0x0000000084f00000, 0x0000000085000000|  0%| F|  |TAMS 0x0000000084f00000, 0x0000000084f00000| Untracked 
|  42|0x0000000085000000, 0x0000000085000000, 0x0000000085100000|  0%| F|  |TAMS 0x0000000085000000, 0x0000000085000000| Untracked 
| 117|0x0000000089b00000, 0x0000000089b670c0, 0x0000000089c00000| 40%| E|  |TAMS 0x0000000089b00000, 0x0000000089b00000| Complete 
| 118|0x0000000089c00000, 0x0000000089d00000, 0x0000000089d00000|100%| E|CS|TAMS 0x0000000089c00000, 0x0000000089c00000| Complete 
| 119|0x0000000089d00000, 0x0000000089e00000, 0x0000000089e00000|100%| E|CS|TAMS 0x0000000089d00000, 0x0000000089d00000| Complete 
| 125|0x000000008a300000, 0x000000008a400000, 0x000000008a400000|100%| E|CS|TAMS 0x000000008a300000, 0x000000008a300000| Complete 

Card table byte_map: [0x00000217b0110000,0x00000217b0500000] _byte_map_base: 0x00000217afcfd000

Marking Bits (Prev, Next): (CMBitMap*) 0x000002179d3adff0, (CMBitMap*) 0x000002179d3adfb0
 Prev Bits: [0x00000217b2860000, 0x00000217b47c8000)
 Next Bits: [0x00000217b08f0000, 0x00000217b2858000)

Polling page: 0x000002179b260000

Metaspace:

Usage:
  Non-class:     47.89 MB used.
      Class:      6.83 MB used.
       Both:     54.73 MB used.

Virtual space:
  Non-class space:       56.00 MB reserved,      48.12 MB ( 86%) committed,  7 nodes.
      Class space:        1.00 GB reserved,       7.06 MB ( <1%) committed,  1 nodes.
             Both:        1.05 GB reserved,      55.19 MB (  5%) committed. 

Chunk freelists:
   Non-Class:  3.05 MB
       Class:  768.00 KB
        Both:  3.80 MB

MaxMetaspaceSize: unlimited
CompressedClassSpaceSize: 1.00 GB
Initial GC threshold: 21.00 MB
Current GC threshold: 82.44 MB
CDS: off
MetaspaceReclaimPolicy: balanced
 - commit_granule_bytes: 65536.
 - commit_granule_words: 8192.
 - virtual_space_node_default_size: 1048576.
 - enlarge_chunks_in_place: 1.
 - new_chunks_are_fully_committed: 0.
 - uncommit_free_chunks: 1.
 - use_allocation_guard: 0.
 - handle_deallocations: 1.


Internal statistics:

num_allocs_failed_limit: 8.
num_arena_births: 574.
num_arena_deaths: 0.
num_vsnodes_births: 8.
num_vsnodes_deaths: 0.
num_space_committed: 883.
num_space_uncommitted: 0.
num_chunks_returned_to_freelist: 8.
num_chunks_taken_from_freelist: 2197.
num_chunk_merges: 8.
num_chunk_splits: 1530.
num_chunks_enlarged: 1159.
num_purges: 0.
num_inconsistent_stats: 0.

CodeHeap 'non-profiled nmethods': size=120000Kb used=3035Kb max_used=3035Kb free=116964Kb
 bounds [0x00000217a84c0000, 0x00000217a87c0000, 0x00000217af9f0000]
CodeHeap 'profiled nmethods': size=120000Kb used=10262Kb max_used=10262Kb free=109737Kb
 bounds [0x00000217a0f90000, 0x00000217a19a0000, 0x00000217a84c0000]
CodeHeap 'non-nmethods': size=5760Kb used=1285Kb max_used=1361Kb free=4474Kb
 bounds [0x00000217a09f0000, 0x00000217a0c60000, 0x00000217a0f90000]
 total_blobs=5340 nmethods=4732 adapters=519
 compilation: enabled
              stopped_count=0, restarted_count=0
 full_count=0

Compilation events (20 events):
Event: 9.443 Thread 0x00000217b7c4f470 4743   !   3       com.mysql.cj.protocol.a.NativeProtocol::readMessage (85 bytes)
Event: 9.445 Thread 0x00000217b7c4f470 nmethod 4743 0x00000217a1981c10 code [0x00000217a1981e40, 0x00000217a1982908]
Event: 9.445 Thread 0x00000217b7c4f470 4745   !   3       sun.nio.ch.NioSocketImpl::tryRead (87 bytes)
Event: 9.446 Thread 0x00000217b7c4f470 nmethod 4745 0x00000217a1982e90 code [0x00000217a19830a0, 0x00000217a1983618]
Event: 9.446 Thread 0x00000217b7c4f470 4746       3       sun.nio.ch.SocketDispatcher::read (8 bytes)
Event: 9.446 Thread 0x00000217b7c4f470 nmethod 4746 0x00000217a1983910 code [0x00000217a1983aa0, 0x00000217a1983be8]
Event: 9.446 Thread 0x00000217b7c4f470 4748       3       java.nio.Buffer::clear (20 bytes)
Event: 9.446 Thread 0x00000217b7c4f470 nmethod 4748 0x00000217a1983c90 code [0x00000217a1983e20, 0x00000217a1983f38]
Event: 9.451 Thread 0x00000217b7c4f470 4749       3       java.lang.Class::getAnnotation (22 bytes)
Event: 9.452 Thread 0x00000217b7c4f470 nmethod 4749 0x00000217a1984010 code [0x00000217a19841e0, 0x00000217a1984648]
Event: 9.478 Thread 0x00000217b7c4f470 4751       3       java.lang.reflect.Method::getGenericReturnType (20 bytes)
Event: 9.480 Thread 0x00000217b7c4f470 nmethod 4751 0x00000217a1984810 code [0x00000217a1984ac0, 0x00000217a1985b58]
Event: 9.490 Thread 0x00000217b7c4f470 4752       1       java.lang.reflect.Field::getType (5 bytes)
Event: 9.490 Thread 0x00000217b7c4f470 nmethod 4752 0x00000217a87a5490 code [0x00000217a87a5620, 0x00000217a87a56f8]
Event: 9.490 Thread 0x00000217b7c4f470 4753       1       org.hibernate.annotations.common.reflection.java.JavaXClass::getTypeEnvironment (5 bytes)
Event: 9.490 Thread 0x00000217b7c4f470 nmethod 4753 0x00000217a87a5790 code [0x00000217a87a5920, 0x00000217a87a59f8]
Event: 9.492 Thread 0x00000217b7c4f470 4754       3       sun.reflect.annotation.AnnotationParser::skipAnnotation (40 bytes)
Event: 9.492 Thread 0x00000217b7c4f470 nmethod 4754 0x00000217a1986090 code [0x00000217a1986280, 0x00000217a19867e8]
Event: 9.502 Thread 0x00000217b7c4f470 4755       3       java.lang.invoke.LambdaForm$DMH/0x000000010011c000::newInvokeSpecial (30 bytes)
Event: 9.503 Thread 0x00000217b7c4f470 nmethod 4755 0x00000217a1986990 code [0x00000217a1986b80, 0x00000217a1987108]

GC Heap History (20 events):
Event: 5.565 GC heap before
{Heap before GC invocations=8 (full 0):
 garbage-first heap   total 37888K, used 27179K [0x0000000082600000, 0x0000000100000000)
  region size 1024K, 14 young (14336K), 2 survivors (2048K)
 Metaspace       used 34281K, committed 34624K, reserved 1081344K
  class space    used 4068K, committed 4224K, reserved 1048576K
}
Event: 5.569 GC heap after
{Heap after GC invocations=9 (full 0):
 garbage-first heap   total 37888K, used 16931K [0x0000000082600000, 0x0000000100000000)
  region size 1024K, 2 young (2048K), 2 survivors (2048K)
 Metaspace       used 34281K, committed 34624K, reserved 1081344K
  class space    used 4068K, committed 4224K, reserved 1048576K
}
Event: 5.855 GC heap before
{Heap before GC invocations=9 (full 0):
 garbage-first heap   total 37888K, used 22051K [0x0000000082600000, 0x0000000100000000)
  region size 1024K, 8 young (8192K), 2 survivors (2048K)
 Metaspace       used 35672K, committed 35968K, reserved 1081344K
  class space    used 4265K, committed 4416K, reserved 1048576K
}
Event: 5.859 GC heap after
{Heap after GC invocations=10 (full 0):
 garbage-first heap   total 37888K, used 17740K [0x0000000082600000, 0x0000000100000000)
  region size 1024K, 1 young (1024K), 1 survivors (1024K)
 Metaspace       used 35672K, committed 35968K, reserved 1081344K
  class space    used 4265K, committed 4416K, reserved 1048576K
}
Event: 6.428 GC heap before
{Heap before GC invocations=11 (full 0):
 garbage-first heap   total 37888K, used 27980K [0x0000000082600000, 0x0000000100000000)
  region size 1024K, 12 young (12288K), 1 survivors (1024K)
 Metaspace       used 37886K, committed 38336K, reserved 1089536K
  class space    used 4585K, committed 4800K, reserved 1048576K
}
Event: 6.432 GC heap after
{Heap after GC invocations=12 (full 0):
 garbage-first heap   total 37888K, used 18737K [0x0000000082600000, 0x0000000100000000)
  region size 1024K, 2 young (2048K), 2 survivors (2048K)
 Metaspace       used 37886K, committed 38336K, reserved 1089536K
  class space    used 4585K, committed 4800K, reserved 1048576K
}
Event: 6.757 GC heap before
{Heap before GC invocations=12 (full 0):
 garbage-first heap   total 37888K, used 27953K [0x0000000082600000, 0x0000000100000000)
  region size 1024K, 12 young (12288K), 2 survivors (2048K)
 Metaspace       used 39335K, committed 39744K, reserved 1089536K
  class space    used 4748K, committed 4928K, reserved 1048576K
}
Event: 6.760 GC heap after
{Heap after GC invocations=13 (full 0):
 garbage-first heap   total 37888K, used 19332K [0x0000000082600000, 0x0000000100000000)
  region size 1024K, 1 young (1024K), 1 survivors (1024K)
 Metaspace       used 39335K, committed 39744K, reserved 1089536K
  class space    used 4748K, committed 4928K, reserved 1048576K
}
Event: 7.157 GC heap before
{Heap before GC invocations=14 (full 0):
 garbage-first heap   total 37888K, used 28548K [0x0000000082600000, 0x0000000100000000)
  region size 1024K, 11 young (11264K), 1 survivors (1024K)
 Metaspace       used 41093K, committed 41536K, reserved 1089536K
  class space    used 4967K, committed 5184K, reserved 1048576K
}
Event: 7.160 GC heap after
{Heap after GC invocations=15 (full 0):
 garbage-first heap   total 37888K, used 19904K [0x0000000082600000, 0x0000000100000000)
  region size 1024K, 2 young (2048K), 2 survivors (2048K)
 Metaspace       used 41093K, committed 41536K, reserved 1089536K
  class space    used 4967K, committed 5184K, reserved 1048576K
}
Event: 7.511 GC heap before
{Heap before GC invocations=15 (full 0):
 garbage-first heap   total 37888K, used 29120K [0x0000000082600000, 0x0000000100000000)
  region size 1024K, 11 young (11264K), 2 survivors (2048K)
 Metaspace       used 43483K, committed 43904K, reserved 1089536K
  class space    used 5347K, committed 5568K, reserved 1048576K
}
Event: 7.514 GC heap after
{Heap after GC invocations=16 (full 0):
 garbage-first heap   total 37888K, used 20337K [0x0000000082600000, 0x0000000100000000)
  region size 1024K, 2 young (2048K), 2 survivors (2048K)
 Metaspace       used 43483K, committed 43904K, reserved 1089536K
  class space    used 5347K, committed 5568K, reserved 1048576K
}
Event: 7.922 GC heap before
{Heap before GC invocations=17 (full 0):
 garbage-first heap   total 37888K, used 29553K [0x0000000082600000, 0x0000000100000000)
  region size 1024K, 11 young (11264K), 2 survivors (2048K)
 Metaspace       used 45745K, committed 46208K, reserved 1089536K
  class space    used 5731K, committed 5952K, reserved 1048576K
}
Event: 7.926 GC heap after
{Heap after GC invocations=18 (full 0):
 garbage-first heap   total 37888K, used 20733K [0x0000000082600000, 0x0000000100000000)
  region size 1024K, 2 young (2048K), 2 survivors (2048K)
 Metaspace       used 45745K, committed 46208K, reserved 1089536K
  class space    used 5731K, committed 5952K, reserved 1048576K
}
Event: 8.375 GC heap before
{Heap before GC invocations=18 (full 0):
 garbage-first heap   total 37888K, used 29949K [0x0000000082600000, 0x0000000100000000)
  region size 1024K, 12 young (12288K), 2 survivors (2048K)
 Metaspace       used 49772K, committed 50240K, reserved 1097728K
  class space    used 6181K, committed 6400K, reserved 1048576K
}
Event: 8.379 GC heap after
{Heap after GC invocations=19 (full 0):
 garbage-first heap   total 37888K, used 22054K [0x0000000082600000, 0x0000000100000000)
  region size 1024K, 2 young (2048K), 2 survivors (2048K)
 Metaspace       used 49772K, committed 50240K, reserved 1097728K
  class space    used 6181K, committed 6400K, reserved 1048576K
}
Event: 9.058 GC heap before
{Heap before GC invocations=20 (full 0):
 garbage-first heap   total 39936K, used 30246K [0x0000000082600000, 0x0000000100000000)
  region size 1024K, 10 young (10240K), 2 survivors (2048K)
 Metaspace       used 53470K, committed 54016K, reserved 1097728K
  class space    used 6639K, committed 6912K, reserved 1048576K
}
Event: 9.063 GC heap after
{Heap after GC invocations=21 (full 0):
 garbage-first heap   total 48128K, used 22908K [0x0000000082600000, 0x0000000100000000)
  region size 1024K, 1 young (1024K), 1 survivors (1024K)
 Metaspace       used 53470K, committed 54016K, reserved 1097728K
  class space    used 6639K, committed 6912K, reserved 1048576K
}
Event: 9.455 GC heap before
{Heap before GC invocations=21 (full 0):
 garbage-first heap   total 48128K, used 38268K [0x0000000082600000, 0x0000000100000000)
  region size 1024K, 16 young (16384K), 1 survivors (1024K)
 Metaspace       used 55389K, committed 55872K, reserved 1105920K
  class space    used 6907K, committed 7168K, reserved 1048576K
}
Event: 9.458 GC heap after
{Heap after GC invocations=22 (full 0):
 garbage-first heap   total 48128K, used 23514K [0x0000000082600000, 0x0000000100000000)
  region size 1024K, 2 young (2048K), 2 survivors (2048K)
 Metaspace       used 55389K, committed 55872K, reserved 1105920K
  class space    used 6907K, committed 7168K, reserved 1048576K
}

Deoptimization events (20 events):
Event: 9.133 Thread 0x00000217bc667d90 Uncommon trap: trap_request=0xffffffbe fr.pc=0x00000217a8783e30 relative=0x0000000000000390
Event: 9.133 Thread 0x00000217bc667d90 Uncommon trap: reason=profile_predicate action=maybe_recompile pc=0x00000217a8783e30 method=java.util.Arrays$ArrayList.indexOf(Ljava/lang/Object;)I @ 39 c2
Event: 9.133 Thread 0x00000217bc667d90 DEOPT PACKING pc=0x00000217a8783e30 sp=0x0000008ec1bfde10
Event: 9.134 Thread 0x00000217bc667d90 DEOPT UNPACKING pc=0x00000217a0a423a3 sp=0x0000008ec1bfdd98 mode 2
Event: 9.193 Thread 0x00000217b87b2940 Uncommon trap: trap_request=0xffffffde fr.pc=0x00000217a86837d4 relative=0x0000000000001314
Event: 9.193 Thread 0x00000217b87b2940 Uncommon trap: reason=class_check action=maybe_recompile pc=0x00000217a86837d4 method=java.util.concurrent.ConcurrentHashMap.putVal(Ljava/lang/Object;Ljava/lang/Object;Z)Ljava/lang/Object; @ 159 c2
Event: 9.193 Thread 0x00000217b87b2940 DEOPT PACKING pc=0x00000217a86837d4 sp=0x0000008ec0bfda40
Event: 9.193 Thread 0x00000217b87b2940 DEOPT UNPACKING pc=0x00000217a0a423a3 sp=0x0000008ec0bfd9d0 mode 2
Event: 9.275 Thread 0x00000217bc667d90 DEOPT PACKING pc=0x00000217a18956a5 sp=0x0000008ec1bfdcf0
Event: 9.275 Thread 0x00000217bc667d90 DEOPT UNPACKING pc=0x00000217a0a42b43 sp=0x0000008ec1bfd178 mode 0
Event: 9.282 Thread 0x00000217bc667d90 DEOPT PACKING pc=0x00000217a18956a5 sp=0x0000008ec1bfd8c0
Event: 9.282 Thread 0x00000217bc667d90 DEOPT UNPACKING pc=0x00000217a0a42b43 sp=0x0000008ec1bfcd48 mode 0
Event: 9.409 Thread 0x00000217bc667d90 Uncommon trap: trap_request=0xffffffcc fr.pc=0x00000217a879feb8 relative=0x0000000000002098
Event: 9.409 Thread 0x00000217bc667d90 Uncommon trap: reason=intrinsic_or_type_checked_inlining action=make_not_entrant pc=0x00000217a879feb8 method=java.util.ArrayList$SubList.toArray([Ljava/lang/Object;)[Ljava/lang/Object; @ 58 c2
Event: 9.409 Thread 0x00000217bc667d90 DEOPT PACKING pc=0x00000217a879feb8 sp=0x0000008ec1bfdc20
Event: 9.409 Thread 0x00000217bc667d90 DEOPT UNPACKING pc=0x00000217a0a423a3 sp=0x0000008ec1bfdb68 mode 2
Event: 9.422 Thread 0x00000217b87b2940 Uncommon trap: trap_request=0xffffff76 fr.pc=0x00000217a8772da8 relative=0x0000000000000ba8
Event: 9.422 Thread 0x00000217b87b2940 Uncommon trap: reason=predicate action=maybe_recompile pc=0x00000217a8772da8 method=java.util.TreeMap.getEntry(Ljava/lang/Object;)Ljava/util/TreeMap$Entry; @ 29 c2
Event: 9.422 Thread 0x00000217b87b2940 DEOPT PACKING pc=0x00000217a8772da8 sp=0x0000008ec0bfd4b0
Event: 9.422 Thread 0x00000217b87b2940 DEOPT UNPACKING pc=0x00000217a0a423a3 sp=0x0000008ec0bfd458 mode 2

Classes unloaded (0 events):
No events

Classes redefined (0 events):
No events

Internal exceptions (20 events):
Event: 6.021 Thread 0x00000217b87b2940 Exception <a 'java/lang/NoSuchMethodError'{0x0000000089bf02b0}: 'java.lang.Object java.lang.invoke.DirectMethodHandle$Holder.invokeSpecial(java.lang.Object, java.lang.Object, java.lang.Object, java.lang.Object, int)'> (0x0000000089bf02b0) 
thrown [s\src\hotspot\share\interpreter\linkResolver.cpp, line 759]
Event: 6.021 Thread 0x00000217b87b2940 Exception <a 'java/lang/NoSuchMethodError'{0x0000000089bf40b8}: 'java.lang.Object java.lang.invoke.Invokers$Holder.linkToTargetMethod(java.lang.Object, java.lang.Object, int, java.lang.Object)'> (0x0000000089bf40b8) 
thrown [s\src\hotspot\share\interpreter\linkResolver.cpp, line 759]
Event: 6.179 Thread 0x00000217b87b2940 Exception <a 'java/lang/NoSuchMethodError'{0x00000000842bc768}: 'java.lang.Object java.lang.invoke.DirectMethodHandle$Holder.invokeStaticInit(java.lang.Object, int, int, int, int)'> (0x00000000842bc768) 
thrown [s\src\hotspot\share\interpreter\linkResolver.cpp, line 759]
Event: 6.329 Thread 0x00000217b87b2940 Exception <a 'java/lang/NoSuchMethodError'{0x0000000084197300}: 'java.lang.Object java.lang.invoke.DirectMethodHandle$Holder.invokeStaticInit(java.lang.Object, java.lang.Object, int, int, int, int)'> (0x0000000084197300) 
thrown [s\src\hotspot\share\interpreter\linkResolver.cpp, line 759]
Event: 6.543 Thread 0x00000217b87b2940 Exception <a 'sun/nio/fs/WindowsException'{0x000000008451b830}> (0x000000008451b830) 
thrown [s\src\hotspot\share\prims\jni.cpp, line 516]
Event: 6.544 Thread 0x00000217b87b2940 Exception <a 'sun/nio/fs/WindowsException'{0x0000000084521228}> (0x0000000084521228) 
thrown [s\src\hotspot\share\prims\jni.cpp, line 516]
Event: 6.544 Thread 0x00000217b87b2940 Exception <a 'sun/nio/fs/WindowsException'{0x0000000084521900}> (0x0000000084521900) 
thrown [s\src\hotspot\share\prims\jni.cpp, line 516]
Event: 6.596 Thread 0x00000217b87b2940 Exception <a 'java/lang/NoSuchMethodError'{0x0000000084421b80}: 'java.lang.Object java.lang.invoke.DirectMethodHandle$Holder.invokeSpecial(java.lang.Object, java.lang.Object, long, java.lang.Object, java.lang.Object, java.lang.Object, java.lang.Object, java.lang.Object, java.lang.Object)'> (0x0000000084421b80) 
thrown [s\src\hotspot\share\interpreter\linkResolver.cpp, line 759]
Event: 6.597 Thread 0x00000217b87b2940 Exception <a 'java/lang/NoSuchMethodError'{0x00000000844266a8}: 'java.lang.Object java.lang.invoke.DelegatingMethodHandle$Holder.reinvoke_L(java.lang.Object, long, java.lang.Object, java.lang.Object, java.lang.Object, java.lang.Object, java.lang.Object, java.lang.Object)'> (0x00000000844266a8) 
thrown [s\src\hotspot\share\interpreter\linkResolver.cpp, line 759]
Event: 6.641 Thread 0x00000217b87b2940 Implicit null exception at 0x00000217a85d022b to 0x00000217a85d2c80
Event: 6.671 Thread 0x00000217b87b2940 Exception <a 'java/io/FileNotFoundException'{0x0000000084372b48}> (0x0000000084372b48) 
thrown [s\src\hotspot\share\prims\jni.cpp, line 516]
Event: 6.713 Thread 0x00000217b87b2940 Exception <a 'java/lang/NoSuchMethodError'{0x00000000842f7a40}: 'int java.lang.invoke.DirectMethodHandle$Holder.invokeInterface(java.lang.Object, java.lang.Object, java.lang.Object, java.lang.Object)'> (0x00000000842f7a40) 
thrown [s\src\hotspot\share\interpreter\linkResolver.cpp, line 759]
Event: 6.814 Thread 0x00000217b87b2940 Exception <a 'java/lang/NoSuchMethodError'{0x0000000089d05ba8}: 'long java.lang.invoke.DirectMethodHandle$Holder.invokeVirtual(java.lang.Object, java.lang.Object)'> (0x0000000089d05ba8) 
thrown [s\src\hotspot\share\interpreter\linkResolver.cpp, line 759]
Event: 6.822 Thread 0x00000217b87b2940 Exception <a 'java/io/FileNotFoundException'{0x0000000089d34e80}> (0x0000000089d34e80) 
thrown [s\src\hotspot\share\prims\jni.cpp, line 516]
Event: 7.004 Thread 0x00000217b87b2940 Implicit null exception at 0x00000217a861f1d3 to 0x00000217a861f5d8
Event: 7.009 Thread 0x00000217b87b2940 Exception <a 'sun/nio/fs/WindowsException'{0x000000008431b018}> (0x000000008431b018) 
thrown [s\src\hotspot\share\prims\jni.cpp, line 516]
Event: 7.947 Thread 0x00000217b87b2940 Exception <a 'java/lang/NoSuchMethodError'{0x000000008a36b1b8}: 'int java.lang.invoke.DirectMethodHandle$Holder.invokeStatic(java.lang.Object)'> (0x000000008a36b1b8) 
thrown [s\src\hotspot\share\interpreter\linkResolver.cpp, line 759]
Event: 8.299 Thread 0x00000217b87b2940 Exception <a 'sun/nio/fs/WindowsException'{0x000000008426a010}> (0x000000008426a010) 
thrown [s\src\hotspot\share\prims\jni.cpp, line 516]
Event: 8.315 Thread 0x00000217b87b2940 Exception <a 'java/lang/NoSuchMethodError'{0x000000008428b700}: 'int java.lang.invoke.DirectMethodHandle$Holder.invokeStaticInit(java.lang.Object, java.lang.Object, java.lang.Object, java.lang.Object)'> (0x000000008428b700) 
thrown [s\src\hotspot\share\interpreter\linkResolver.cpp, line 759]
Event: 9.109 Thread 0x00000217b87b2940 Exception <a 'java/lang/NoSuchMethodError'{0x0000000089d644c0}: 'java.lang.Object java.lang.invoke.DirectMethodHandle$Holder.invokeStaticInit(java.lang.Object, java.lang.Object, java.lang.Object, java.lang.Object)'> (0x0000000089d644c0) 
thrown [s\src\hotspot\share\interpreter\linkResolver.cpp, line 759]

VM Operations (20 events):
Event: 7.922 Executing VM operation: G1CollectForAllocation
Event: 7.926 Executing VM operation: G1CollectForAllocation done
Event: 8.236 Executing VM operation: HandshakeAllThreads
Event: 8.236 Executing VM operation: HandshakeAllThreads done
Event: 8.300 Executing VM operation: HandshakeAllThreads
Event: 8.300 Executing VM operation: HandshakeAllThreads done
Event: 8.306 Executing VM operation: HandshakeAllThreads
Event: 8.306 Executing VM operation: HandshakeAllThreads done
Event: 8.375 Executing VM operation: G1CollectForAllocation
Event: 8.379 Executing VM operation: G1CollectForAllocation done
Event: 8.406 Executing VM operation: G1Concurrent
Event: 8.411 Executing VM operation: G1Concurrent done
Event: 8.423 Executing VM operation: G1Concurrent
Event: 8.423 Executing VM operation: G1Concurrent done
Event: 8.589 Executing VM operation: HandshakeAllThreads
Event: 8.589 Executing VM operation: HandshakeAllThreads done
Event: 9.058 Executing VM operation: G1CollectForAllocation
Event: 9.063 Executing VM operation: G1CollectForAllocation done
Event: 9.454 Executing VM operation: G1CollectForAllocation
Event: 9.458 Executing VM operation: G1CollectForAllocation done

Events (20 events):
Event: 8.710 Thread 0x00000217bc665240 Thread added: 0x00000217bc665240
Event: 8.712 loading class java/util/concurrent/ThreadPoolExecutor$CallerRunsPolicy
Event: 8.712 loading class java/util/concurrent/ThreadPoolExecutor$CallerRunsPolicy done
Event: 8.715 loading class java/util/concurrent/atomic/AtomicReferenceFieldUpdater
Event: 8.716 loading class java/util/concurrent/atomic/AtomicReferenceFieldUpdater done
Event: 8.716 loading class java/util/concurrent/atomic/AtomicReferenceFieldUpdater$AtomicReferenceFieldUpdaterImpl
Event: 8.717 loading class java/util/concurrent/atomic/AtomicReferenceFieldUpdater$AtomicReferenceFieldUpdaterImpl done
Event: 8.717 loading class java/util/concurrent/atomic/AtomicReferenceFieldUpdater$AtomicReferenceFieldUpdaterImpl$1
Event: 8.717 loading class java/util/concurrent/atomic/AtomicReferenceFieldUpdater$AtomicReferenceFieldUpdaterImpl$1 done
Event: 8.752 loading class java/util/TimerTask
Event: 8.753 loading class java/util/TimerTask done
Event: 8.832 Thread 0x00000217bc667d90 Thread added: 0x00000217bc667d90
Event: 8.835 loading class jdk/internal/access/foreign/MemorySegmentProxy
Event: 8.836 loading class jdk/internal/access/foreign/MemorySegmentProxy done
Event: 9.104 loading class java/io/CharArrayWriter
Event: 9.104 loading class java/io/CharArrayWriter done
Event: 9.104 loading class java/lang/StringIndexOutOfBoundsException
Event: 9.104 loading class java/lang/StringIndexOutOfBoundsException done
Event: 9.129 loading class jdk/internal/reflect/UnsafeQualifiedStaticIntegerFieldAccessorImpl
Event: 9.130 loading class jdk/internal/reflect/UnsafeQualifiedStaticIntegerFieldAccessorImpl done


Dynamic libraries:
0x00007ff6ba270000 - 0x00007ff6ba27e000 	C:\Users\Admin\Downloads\eclipse-jee-2022-09-R-win32-x86_64\eclipse\plugins\org.eclipse.justj.openjdk.hotspot.jre.full.win32.x86_64_17.0.4.v20220903-1038\jre\bin\javaw.exe
0x00007ffc97510000 - 0x00007ffc97708000 	C:\Windows\SYSTEM32\ntdll.dll
0x00007ffc95f30000 - 0x00007ffc95fed000 	C:\Windows\System32\KERNEL32.DLL
0x00007ffc94fa0000 - 0x00007ffc95296000 	C:\Windows\System32\KERNELBASE.dll
0x00007ffc94d40000 - 0x00007ffc94e40000 	C:\Windows\System32\ucrtbase.dll
0x00007ffc49e70000 - 0x00007ffc49e88000 	C:\Users\Admin\Downloads\eclipse-jee-2022-09-R-win32-x86_64\eclipse\plugins\org.eclipse.justj.openjdk.hotspot.jre.full.win32.x86_64_17.0.4.v20220903-1038\jre\bin\jli.dll
0x00007ffc80610000 - 0x00007ffc80629000 	C:\Users\Admin\Downloads\eclipse-jee-2022-09-R-win32-x86_64\eclipse\plugins\org.eclipse.justj.openjdk.hotspot.jre.full.win32.x86_64_17.0.4.v20220903-1038\jre\bin\VCRUNTIME140.dll
0x00007ffc96790000 - 0x00007ffc9692e000 	C:\Windows\System32\USER32.dll
0x00007ffc94c20000 - 0x00007ffc94c42000 	C:\Windows\System32\win32u.dll
0x00007ffc956e0000 - 0x00007ffc9570c000 	C:\Windows\System32\GDI32.dll
0x00007ffc952a0000 - 0x00007ffc953ba000 	C:\Windows\System32\gdi32full.dll
0x00007ffc94ca0000 - 0x00007ffc94d3d000 	C:\Windows\System32\msvcp_win.dll
0x00007ffc82da0000 - 0x00007ffc8303a000 	C:\Windows\WinSxS\amd64_microsoft.windows.common-controls_6595b64144ccf1df_6.0.19041.3636_none_60b6a03d71f818d5\COMCTL32.dll
0x00007ffc95620000 - 0x00007ffc956be000 	C:\Windows\System32\msvcrt.dll
0x00007ffc96760000 - 0x00007ffc96790000 	C:\Windows\System32\IMM32.DLL
0x0000000052380000 - 0x000000005238c000 	C:\Program Files (x86)\360\Total Security\safemon\SafeWrapper.dll
0x00007ffc97420000 - 0x00007ffc974cf000 	C:\Windows\System32\ADVAPI32.dll
0x00007ffc95790000 - 0x00007ffc9582c000 	C:\Windows\System32\sechost.dll
0x00007ffc95da0000 - 0x00007ffc95ec6000 	C:\Windows\System32\RPCRT4.dll
0x00007ffc65180000 - 0x00007ffc65212000 	C:\Program Files (x86)\360\Total Security\safemon\libzdtp64.dll
0x00007ffc96010000 - 0x00007ffc96755000 	C:\Windows\System32\SHELL32.dll
0x00007ffc95830000 - 0x00007ffc95885000 	C:\Windows\System32\SHLWAPI.dll
0x00007ffc94760000 - 0x00007ffc9476a000 	C:\Windows\SYSTEM32\VERSION.dll
0x00007ffc8be20000 - 0x00007ffc8be2c000 	C:\Users\Admin\Downloads\eclipse-jee-2022-09-R-win32-x86_64\eclipse\plugins\org.eclipse.justj.openjdk.hotspot.jre.full.win32.x86_64_17.0.4.v20220903-1038\jre\bin\vcruntime140_1.dll
0x00007ffc650e0000 - 0x00007ffc65171000 	C:\Users\Admin\Downloads\eclipse-jee-2022-09-R-win32-x86_64\eclipse\plugins\org.eclipse.justj.openjdk.hotspot.jre.full.win32.x86_64_17.0.4.v20220903-1038\jre\bin\msvcp140.dll
0x00007ffc48a60000 - 0x00007ffc496a6000 	C:\Users\Admin\Downloads\eclipse-jee-2022-09-R-win32-x86_64\eclipse\plugins\org.eclipse.justj.openjdk.hotspot.jre.full.win32.x86_64_17.0.4.v20220903-1038\jre\bin\server\jvm.dll
0x00007ffc956d0000 - 0x00007ffc956d8000 	C:\Windows\System32\PSAPI.DLL
0x00007ffc8d5f0000 - 0x00007ffc8d617000 	C:\Windows\SYSTEM32\WINMM.dll
0x00007ffc7f3b0000 - 0x00007ffc7f3b9000 	C:\Windows\SYSTEM32\WSOCK32.dll
0x00007ffc97200000 - 0x00007ffc9726b000 	C:\Windows\System32\WS2_32.dll
0x00007ffc933d0000 - 0x00007ffc933e2000 	C:\Windows\SYSTEM32\kernel.appcore.dll
0x00007ffc7f090000 - 0x00007ffc7f09a000 	C:\Users\Admin\Downloads\eclipse-jee-2022-09-R-win32-x86_64\eclipse\plugins\org.eclipse.justj.openjdk.hotspot.jre.full.win32.x86_64_17.0.4.v20220903-1038\jre\bin\jimage.dll
0x00007ffc900a0000 - 0x00007ffc90284000 	C:\Windows\SYSTEM32\DBGHELP.DLL
0x00007ffc81030000 - 0x00007ffc81064000 	C:\Windows\SYSTEM32\dbgcore.DLL
0x00007ffc953c0000 - 0x00007ffc95442000 	C:\Windows\System32\bcryptPrimitives.dll
0x00007ffc49e90000 - 0x00007ffc49eb5000 	C:\Users\Admin\Downloads\eclipse-jee-2022-09-R-win32-x86_64\eclipse\plugins\org.eclipse.justj.openjdk.hotspot.jre.full.win32.x86_64_17.0.4.v20220903-1038\jre\bin\java.dll
0x00007ffc49e50000 - 0x00007ffc49e68000 	C:\Users\Admin\Downloads\eclipse-jee-2022-09-R-win32-x86_64\eclipse\plugins\org.eclipse.justj.openjdk.hotspot.jre.full.win32.x86_64_17.0.4.v20220903-1038\jre\bin\zip.dll
0x00007ffc8f830000 - 0x00007ffc8ffcb000 	C:\Windows\SYSTEM32\windows.storage.dll
0x00007ffc96e40000 - 0x00007ffc97194000 	C:\Windows\System32\combase.dll
0x00007ffc945c0000 - 0x00007ffc945ed000 	C:\Windows\SYSTEM32\Wldp.dll
0x00007ffc95570000 - 0x00007ffc9561d000 	C:\Windows\System32\SHCORE.dll
0x00007ffc94b20000 - 0x00007ffc94b45000 	C:\Windows\SYSTEM32\profapi.dll
0x00007ffc49cc0000 - 0x00007ffc49cd9000 	C:\Users\Admin\Downloads\eclipse-jee-2022-09-R-win32-x86_64\eclipse\plugins\org.eclipse.justj.openjdk.hotspot.jre.full.win32.x86_64_17.0.4.v20220903-1038\jre\bin\net.dll
0x00007ffc880a0000 - 0x00007ffc881aa000 	C:\Windows\SYSTEM32\WINHTTP.dll
0x00007ffc94320000 - 0x00007ffc9438a000 	C:\Windows\system32\mswsock.dll
0x00007ffc49ca0000 - 0x00007ffc49cb5000 	C:\Users\Admin\Downloads\eclipse-jee-2022-09-R-win32-x86_64\eclipse\plugins\org.eclipse.justj.openjdk.hotspot.jre.full.win32.x86_64_17.0.4.v20220903-1038\jre\bin\nio.dll
0x00007ffc8d2e0000 - 0x00007ffc8d2e9000 	C:\Users\Admin\Downloads\eclipse-jee-2022-09-R-win32-x86_64\eclipse\plugins\org.eclipse.justj.openjdk.hotspot.jre.full.win32.x86_64_17.0.4.v20220903-1038\jre\bin\management.dll
0x00007ffc844c0000 - 0x00007ffc844cb000 	C:\Users\Admin\Downloads\eclipse-jee-2022-09-R-win32-x86_64\eclipse\plugins\org.eclipse.justj.openjdk.hotspot.jre.full.win32.x86_64_17.0.4.v20220903-1038\jre\bin\management_ext.dll
0x00007ffc7c610000 - 0x00007ffc7c61e000 	C:\Users\Admin\Downloads\eclipse-jee-2022-09-R-win32-x86_64\eclipse\plugins\org.eclipse.justj.openjdk.hotspot.jre.full.win32.x86_64_17.0.4.v20220903-1038\jre\bin\sunmscapi.dll
0x00007ffc94e40000 - 0x00007ffc94f9d000 	C:\Windows\System32\CRYPT32.dll
0x00007ffc94630000 - 0x00007ffc94657000 	C:\Windows\SYSTEM32\ncrypt.dll
0x00007ffc945f0000 - 0x00007ffc9462b000 	C:\Windows\SYSTEM32\NTASN1.dll
0x00007ffc94520000 - 0x00007ffc94538000 	C:\Windows\SYSTEM32\CRYPTSP.dll
0x00007ffc93be0000 - 0x00007ffc93c14000 	C:\Windows\system32\rsaenh.dll
0x00007ffc94bf0000 - 0x00007ffc94c17000 	C:\Windows\System32\bcrypt.dll
0x00007ffc94aa0000 - 0x00007ffc94ace000 	C:\Windows\SYSTEM32\USERENV.dll
0x00007ffc94510000 - 0x00007ffc9451c000 	C:\Windows\SYSTEM32\CRYPTBASE.dll
0x00007ffc93fc0000 - 0x00007ffc93ffb000 	C:\Windows\SYSTEM32\IPHLPAPI.DLL
0x00007ffc95890000 - 0x00007ffc95898000 	C:\Windows\System32\NSI.dll
0x00007ffc895d0000 - 0x00007ffc895e7000 	C:\Windows\SYSTEM32\dhcpcsvc6.DLL
0x00007ffc8aac0000 - 0x00007ffc8aadd000 	C:\Windows\SYSTEM32\dhcpcsvc.DLL
0x00007ffc94000000 - 0x00007ffc940ca000 	C:\Windows\SYSTEM32\DNSAPI.dll
0x00007ffc7ccf0000 - 0x00007ffc7cd00000 	C:\Users\Admin\Downloads\eclipse-jee-2022-09-R-win32-x86_64\eclipse\plugins\org.eclipse.justj.openjdk.hotspot.jre.full.win32.x86_64_17.0.4.v20220903-1038\jre\bin\verify.dll
0x00007ffc7f4f0000 - 0x00007ffc7f4fa000 	C:\Windows\System32\rasadhlp.dll
0x00007ffc7fbf0000 - 0x00007ffc7fc70000 	C:\Windows\System32\fwpuclnt.dll

dbghelp: loaded successfully - version: 4.0.5 - missing functions: none
symbol engine: initialized successfully - sym options: 0x614 - pdb path: .;C:\Users\Admin\Downloads\eclipse-jee-2022-09-R-win32-x86_64\eclipse\plugins\org.eclipse.justj.openjdk.hotspot.jre.full.win32.x86_64_17.0.4.v20220903-1038\jre\bin;C:\Windows\SYSTEM32;C:\Windows\WinSxS\amd64_microsoft.windows.common-controls_6595b64144ccf1df_6.0.19041.3636_none_60b6a03d71f818d5;C:\Program Files (x86)\360\Total Security\safemon;C:\Users\Admin\Downloads\eclipse-jee-2022-09-R-win32-x86_64\eclipse\plugins\org.eclipse.justj.openjdk.hotspot.jre.full.win32.x86_64_17.0.4.v20220903-1038\jre\bin\server

VM Arguments:
jvm_args: -Dfile.encoding=UTF-8 -XX:+ShowCodeDetailsInExceptionMessages 
java_command: com.jsp.ecommerce.EcommerceApplication
java_class_path (initial): C:\Users\Admin\Downloads\ecommerce\ecommerce\target\classes;C:\Users\Admin\.m2\repository\org\springframework\boot\spring-boot-starter-data-jpa\3.2.0\spring-boot-starter-data-jpa-3.2.0.jar;C:\Users\Admin\.m2\repository\org\springframework\boot\spring-boot-starter-aop\3.2.0\spring-boot-starter-aop-3.2.0.jar;C:\Users\Admin\.m2\repository\org\springframework\spring-aop\6.1.1\spring-aop-6.1.1.jar;C:\Users\Admin\.m2\repository\org\aspectj\aspectjweaver\1.9.20.1\aspectjweaver-1.9.20.1.jar;C:\Users\Admin\.m2\repository\org\springframework\boot\spring-boot-starter-jdbc\3.2.0\spring-boot-starter-jdbc-3.2.0.jar;C:\Users\Admin\.m2\repository\com\zaxxer\HikariCP\5.0.1\HikariCP-5.0.1.jar;C:\Users\Admin\.m2\repository\org\springframework\spring-jdbc\6.1.1\spring-jdbc-6.1.1.jar;C:\Users\Admin\.m2\repository\org\hibernate\orm\hibernate-core\6.3.1.Final\hibernate-core-6.3.1.Final.jar;C:\Users\Admin\.m2\repository\jakarta\persistence\jakarta.persistence-api\3.1.0\jakarta.persistence-api-3.1.0.jar;C:\Users\Admin\.m2\repository\jakarta\transaction\jakarta.transaction-api\2.0.1\jakarta.transaction-api-2.0.1.jar;C:\Users\Admin\.m2\repository\org\jboss\logging\jboss-logging\3.5.3.Final\jboss-logging-3.5.3.Final.jar;C:\Users\Admin\.m2\repository\org\hibernate\common\hibernate-commons-annotations\6.0.6.Final\hibernate-commons-annotations-6.0.6.Final.jar;C:\Users\Admin\.m2\repository\io\smallrye\jandex\3.1.2\jandex-3.1.2.jar;C:\Users\Admin\.m2\repository\com\fasterxml\classmate\1.6.0\classmate-1.6.0.jar;C:\Users\Admin\.m2\repository\net\bytebuddy\byte-buddy\1.14.10\byte-buddy-1.14.10.jar;C:\Users\Admin\.m2\repository\org\glassfish\jaxb\jaxb-runtime\4.0.4\jaxb-runtime-4.0.4.jar;C:\Users\Admin\.m2\repository\org\glassfish\jaxb\jaxb-core\4.0.4\jaxb-core-4.0.4.jar;C:\Users\Admin\.m2\repository\org\glassfish\jaxb\txw2\4.0.4\txw2-4.0.4.jar;C:\Users\Admin\.m2\repository\com\sun\istack\istack-commons-runtime\4.1.2\istack-commons-runtime-4.1.2.jar;C:\Users\Admin\.m2\repos
Launcher Type: SUN_STANDARD

[Global flags]
     intx CICompilerCount                          = 4                                         {product} {ergonomic}
     uint ConcGCThreads                            = 2                                         {product} {ergonomic}
     uint G1ConcRefinementThreads                  = 8                                         {product} {ergonomic}
   size_t G1HeapRegionSize                         = 1048576                                   {product} {ergonomic}
    uintx GCDrainStackTargetSize                   = 64                                        {product} {ergonomic}
   size_t InitialHeapSize                          = 132120576                                 {product} {ergonomic}
   size_t MarkStackSize                            = 4194304                                   {product} {ergonomic}
   size_t MaxHeapSize                              = 2107637760                                {product} {ergonomic}
   size_t MaxNewSize                               = 1264582656                                {product} {ergonomic}
   size_t MinHeapDeltaBytes                        = 1048576                                   {product} {ergonomic}
   size_t MinHeapSize                              = 8388608                                   {product} {ergonomic}
    uintx NonNMethodCodeHeapSize                   = 5839372                                {pd product} {ergonomic}
    uintx NonProfiledCodeHeapSize                  = 122909434                              {pd product} {ergonomic}
    uintx ProfiledCodeHeapSize                     = 122909434                              {pd product} {ergonomic}
    uintx ReservedCodeCacheSize                    = 251658240                              {pd product} {ergonomic}
     bool SegmentedCodeCache                       = true                                      {product} {ergonomic}
     bool ShowCodeDetailsInExceptionMessages       = true                                   {manageable} {command line}
   size_t SoftMaxHeapSize                          = 2107637760                             {manageable} {ergonomic}
     bool UseCompressedClassPointers               = true                           {product lp64_product} {ergonomic}
     bool UseCompressedOops                        = true                           {product lp64_product} {ergonomic}
     bool UseG1GC                                  = true                                      {product} {ergonomic}
     bool UseLargePagesIndividualAllocation        = false                                  {pd product} {ergonomic}

Logging:
Log output configuration:
 #0: stdout all=warning uptime,level,tags
 #1: stderr all=off uptime,level,tags

Environment Variables:
PATH=C:/Users/Admin/Downloads/eclipse-jee-2022-09-R-win32-x86_64/eclipse//plugins/org.eclipse.justj.openjdk.hotspot.jre.full.win32.x86_64_17.0.4.v20220903-1038/jre/bin/server;C:/Users/Admin/Downloads/eclipse-jee-2022-09-R-win32-x86_64/eclipse//plugins/org.eclipse.justj.openjdk.hotspot.jre.full.win32.x86_64_17.0.4.v20220903-1038/jre/bin;E:\app\Admin\product\11.2.0\dbhome_1\bin;C:\Program Files (x86)\Common Files\Oracle\Java\javapath;C:\Windows\system32;C:\Windows;C:\Windows\System32\Wbem;C:\Windows\System32\WindowsPowerShell\v1.0\;C:\Windows\System32\OpenSSH\;C:\Program Files\Java\jdk1.8.0_202\bin;C:\Program Files\MySQL\MySQL\MySQL Server 8.0\bin;C:\Program Files\MySQL\MySQL Server 8.0\bin;C:\Program Files\Git\cmd;C:\Program Files\MySQL\MySQL Shell 8.0\bin\;C:\Users\Admin\AppData\Local\Microsoft\WindowsApps;;C:\Users\Admin\AppData\Local\Programs\Microsoft VS Code\bin;C:\Users\Admin\Downloads\eclipse-jee-2022-09-R-win32-x86_64\eclipse;
USERNAME=Admin
OS=Windows_NT
PROCESSOR_IDENTIFIER=Intel64 Family 6 Model 142 Stepping 11, GenuineIntel
TMP=C:\Users\Admin\AppData\Local\Temp
TEMP=C:\Users\Admin\AppData\Local\Temp



---------------  S Y S T E M  ---------------

OS:
 Windows 10 , 64 bit Build 19041 (10.0.19041.3636)
OS uptime: 8 days 1:21 hours

CPU: total 8 (initial active 8) (4 cores per cpu, 2 threads per core) family 6 model 142 stepping 11 microcode 0xca, cx8, cmov, fxsr, ht, mmx, 3dnowpref, sse, sse2, sse3, ssse3, sse4.1, sse4.2, popcnt, lzcnt, tsc, tscinvbit, avx, avx2, aes, erms, clmul, bmi1, bmi2, adx, fma, vzeroupper, clflush, clflushopt

Memory: 4k page, system-wide physical 8039M (2990M free)
TotalPageFile size 11239M (AvailPageFile size 2905M)
current process WorkingSet (physical memory assigned to process): 249M, peak: 249M
current process commit charge ("private bytes"): 279M, peak: 279M

vm_info: OpenJDK 64-Bit Server VM (17.0.4.1+1) for windows-amd64 JRE (17.0.4.1+1), built on Aug 17 2022 07:42:43 by "temurin" with MS VC++ 16.7 (VS2019)

END.
